c:\users\lenovo\source\repos\learnopengl\release\vc142.pdb
c:\users\lenovo\source\repos\learnopengl\release\源.obj
c:\users\lenovo\source\repos\learnopengl\release\imgui_widgets.obj
c:\users\lenovo\source\repos\learnopengl\release\imgui_tables.obj
c:\users\lenovo\source\repos\learnopengl\release\imgui_draw.obj
c:\users\lenovo\source\repos\learnopengl\release\imgui.obj
c:\users\lenovo\source\repos\learnopengl\release\imgui_impl_glfw.obj
c:\users\lenovo\source\repos\learnopengl\release\imgui_impl_opengl3.obj
c:\users\lenovo\source\repos\learnopengl\release\imgui_demo.obj
c:\users\lenovo\source\repos\learnopengl\release\源1.obj
c:\users\lenovo\source\repos\learnopengl\release\learnopengl.ipdb
c:\users\lenovo\source\repos\learnopengl\release\learnopengl.iobj
c:\users\lenovo\source\repos\learnopengl\release\glfw3.dll
c:\users\lenovo\source\repos\learnopengl\release\learnopengl.exe
c:\users\lenovo\source\repos\learnopengl\release\learnopengl.pdb
c:\users\lenovo\source\repos\learnopengl\release\learnopengl.tlog\cl.command.1.tlog
c:\users\lenovo\source\repos\learnopengl\release\learnopengl.tlog\cl.read.1.tlog
c:\users\lenovo\source\repos\learnopengl\release\learnopengl.tlog\cl.write.1.tlog
c:\users\lenovo\source\repos\learnopengl\release\learnopengl.tlog\learnopengl.write.1u.tlog
c:\users\lenovo\source\repos\learnopengl\release\learnopengl.tlog\link.command.1.tlog
c:\users\lenovo\source\repos\learnopengl\release\learnopengl.tlog\link.read.1.tlog
c:\users\lenovo\source\repos\learnopengl\release\learnopengl.tlog\link.write.1.tlog
