  imgui.cpp
  imgui_demo.cpp
  imgui_draw.cpp
  imgui_impl_glfw.cpp
  imgui_impl_opengl3.cpp
  imgui_tables.cpp
  imgui_widgets.cpp
  源.cpp
C:\Users\Lenovo\source\repos\learnOpenGL\shader_m.h(44,40): warning C4101: “e”: 未引用的局部变量
C:\Users\Lenovo\source\repos\learnOpenGL\源.cpp(28,71): warning C4305: “参数”: 从“double”到“T”截断
          with
          [
              T=float
          ]
C:\Users\Lenovo\source\repos\learnOpenGL\源.cpp(29,69): warning C4305: “参数”: 从“double”到“T”截断
          with
          [
              T=float
          ]
C:\Users\Lenovo\source\repos\learnOpenGL\源.cpp(30,69): warning C4305: “参数”: 从“double”到“T”截断
          with
          [
              T=float
          ]
C:\Users\Lenovo\source\repos\learnOpenGL\源.cpp(31,71): warning C4305: “参数”: 从“double”到“T”截断
          with
          [
              T=float
          ]
C:\Users\Lenovo\source\repos\learnOpenGL\源.cpp(32,71): warning C4305: “参数”: 从“double”到“T”截断
          with
          [
              T=float
          ]
C:\Users\Lenovo\source\repos\learnOpenGL\源.cpp(33,71): warning C4305: “参数”: 从“double”到“T”截断
          with
          [
              T=float
          ]
C:\Users\Lenovo\source\repos\learnOpenGL\源.cpp(34,71): warning C4305: “参数”: 从“double”到“T”截断
          with
          [
              T=float
          ]
C:\Users\Lenovo\source\repos\learnOpenGL\源.cpp(35,71): warning C4305: “参数”: 从“double”到“T”截断
          with
          [
              T=float
          ]
C:\Users\Lenovo\source\repos\learnOpenGL\源.cpp(36,73): warning C4305: “参数”: 从“double”到“T”截断
          with
          [
              T=float
          ]
C:\Users\Lenovo\source\repos\learnOpenGL\源.cpp(256,57): warning C4244: “参数”: 从“float”转换到“GLsizei”，可能丢失数据
C:\Users\Lenovo\source\repos\learnOpenGL\源.cpp(258,57): warning C4244: “参数”: 从“float”转换到“GLsizei”，可能丢失数据
C:\Users\Lenovo\source\repos\learnOpenGL\源.cpp(260,57): warning C4244: “参数”: 从“float”转换到“GLsizei”，可能丢失数据
C:\Users\Lenovo\source\repos\learnOpenGL\源.cpp(276,40): warning C4244: “=”: 从“int”转换到“GLfloat”，可能丢失数据
C:\Users\Lenovo\source\repos\learnOpenGL\源.cpp(290,38): warning C4244: “=”: 从“int”转换到“GLfloat”，可能丢失数据
C:\Users\Lenovo\source\repos\learnOpenGL\源.cpp(310,28): warning C4244: “初始化”: 从“double”转换到“float”，可能丢失数据
C:\Users\Lenovo\source\repos\learnOpenGL\源.cpp(370,71): warning C4305: “参数”: 从“double”到“GLfloat”截断
C:\Users\Lenovo\source\repos\learnOpenGL\源.cpp(375,72): warning C4305: “参数”: 从“double”到“GLfloat”截断
C:\Users\Lenovo\source\repos\learnOpenGL\源.cpp(380,91): warning C4305: “参数”: 从“double”到“GLfloat”截断
C:\Users\Lenovo\source\repos\learnOpenGL\源.cpp(386,63): warning C4305: “参数”: 从“double”到“GLfloat”截断
C:\Users\Lenovo\source\repos\learnOpenGL\源.cpp(391,71): warning C4305: “参数”: 从“double”到“GLfloat”截断
C:\Users\Lenovo\source\repos\learnOpenGL\源.cpp(396,90): warning C4305: “参数”: 从“double”到“GLfloat”截断
C:\Users\Lenovo\source\repos\learnOpenGL\源.cpp(401,74): warning C4305: “参数”: 从“double”到“GLfloat”截断
C:\Users\Lenovo\source\repos\learnOpenGL\源.cpp(406,72): warning C4305: “参数”: 从“double”到“GLfloat”截断
C:\Users\Lenovo\source\repos\learnOpenGL\源.cpp(411,73): warning C4305: “参数”: 从“double”到“GLfloat”截断
C:\Users\Lenovo\source\repos\learnOpenGL\源.cpp(420,105): warning C4305: “参数”: 从“double”到“GLfloat”截断
C:\Users\Lenovo\source\repos\learnOpenGL\源.cpp(425,117): warning C4305: “参数”: 从“double”到“GLfloat”截断
C:\Users\Lenovo\source\repos\learnOpenGL\源.cpp(470,29): warning C4305: “+=”: 从“double”到“float”截断
C:\Users\Lenovo\source\repos\learnOpenGL\源.cpp(473,29): warning C4305: “-=”: 从“double”到“float”截断
C:\Users\Lenovo\source\repos\learnOpenGL\源.cpp(490,17): warning C4244: “=”: 从“double”转换到“float”，可能丢失数据
C:\Users\Lenovo\source\repos\learnOpenGL\源.cpp(491,17): warning C4244: “=”: 从“double”转换到“float”，可能丢失数据
C:\Users\Lenovo\source\repos\learnOpenGL\源.cpp(495,19): warning C4244: “初始化”: 从“double”转换到“float”，可能丢失数据
C:\Users\Lenovo\source\repos\learnOpenGL\源.cpp(496,19): warning C4244: “初始化”: 从“double”转换到“float”，可能丢失数据
C:\Users\Lenovo\source\repos\learnOpenGL\源.cpp(498,13): warning C4244: “=”: 从“double”转换到“float”，可能丢失数据
C:\Users\Lenovo\source\repos\learnOpenGL\源.cpp(499,13): warning C4244: “=”: 从“double”转换到“float”，可能丢失数据
C:\Users\Lenovo\source\repos\learnOpenGL\源.cpp(506,31): warning C4244: “参数”: 从“double”转换到“float”，可能丢失数据
C:\Users\Lenovo\source\repos\learnOpenGL\源.cpp(525,35): warning C4305: “初始化”: 从“double”到“float”截断
C:\Users\Lenovo\source\repos\learnOpenGL\源.cpp(592,16): warning C4244: “初始化”: 从“double”转换到“float”，可能丢失数据
C:\Users\Lenovo\source\repos\learnOpenGL\源.cpp(593,16): warning C4244: “初始化”: 从“double”转换到“float”，可能丢失数据
C:\Users\Lenovo\source\repos\learnOpenGL\源.cpp(637,16): warning C4244: “初始化”: 从“double”转换到“float”，可能丢失数据
C:\Users\Lenovo\source\repos\learnOpenGL\源.cpp(638,16): warning C4244: “初始化”: 从“double”转换到“float”，可能丢失数据
  源1.cpp
  正在生成代码
  Previous IPDB not found, fall back to full compilation.
  All 2606 functions were compiled because no usable IPDB/IOBJ from previous compilation was found.
  已完成代码的生成
  learnOpenGL.vcxproj -> C:\Users\Lenovo\source\repos\learnOpenGL\Release\learnOpenGL.exe
